Build started 1/8/2018 9:42:11 PM.
     1>Project "F:\Document\1st yr 2nd semester\SD lab\project_game\Balloon_Shoot\Balloon_Shoot\Balloon_Shoot.vcxproj" on node 2 (build target(s)).
     1>InitializeBuildStatus:
         Creating "Debug\Balloon_Shoot.unsuccessfulbuild" because "AlwaysCreate" was specified.
       ClCompile:
         C:\Program Files (x86)\Microsoft Visual Studio 10.0\VC\bin\CL.exe /c /ZI /nologo /W3 /WX- /Od /Oy- /D _MBCS /Gm /EHsc /RTC1 /MDd /GS /fp:precise /Zc:wchar_t /Zc:forScope /Fo"Debug\\" /Fd"Debug\vc100.pdb" /Gd /TP /analyze- /errorReport:prompt iMain.cpp
         iMain.cpp
     1>f:\document\1st yr 2nd semester\sd lab\project_game\balloon_shoot\balloon_shoot\newgame.h(55): warning C4553: '==' : operator has no effect; did you intend '='?
       Link:
         C:\Program Files (x86)\Microsoft Visual Studio 10.0\VC\bin\link.exe /ERRORREPORT:PROMPT /OUT:"F:\Document\1st yr 2nd semester\SD lab\project_game\Balloon_Shoot\Debug\Balloon_Shoot.exe" /NOLOGO kernel32.lib user32.lib gdi32.lib winspool.lib comdlg32.lib advapi32.lib shell32.lib ole32.lib oleaut32.lib uuid.lib odbc32.lib odbccp32.lib /MANIFEST /ManifestFile:"Debug\Balloon_Shoot.exe.intermediate.manifest" /MANIFESTUAC:"level='asInvoker' uiAccess='false'" /DEBUG /PDB:"F:\Document\1st yr 2nd semester\SD lab\project_game\Balloon_Shoot\Debug\Balloon_Shoot.pdb" /TLBID:1 /DYNAMICBASE /NXCOMPAT /IMPLIB:"F:\Document\1st yr 2nd semester\SD lab\project_game\Balloon_Shoot\Debug\Balloon_Shoot.lib" /MACHINE:X86 Debug\iMain.obj
         LINK : F:\Document\1st yr 2nd semester\SD lab\project_game\Balloon_Shoot\Debug\Balloon_Shoot.exe not found or not built by the last incremental link; performing full link
         Balloon_Shoot.vcxproj -> F:\Document\1st yr 2nd semester\SD lab\project_game\Balloon_Shoot\Debug\Balloon_Shoot.exe
       Manifest:
         C:\Program Files (x86)\Microsoft SDKs\Windows\v7.0A\bin\mt.exe /nologo /verbose /outputresource:"F:\Document\1st yr 2nd semester\SD lab\project_game\Balloon_Shoot\Debug\Balloon_Shoot.exe;#1" /manifest Debug\Balloon_Shoot.exe.intermediate.manifest
       FinalizeBuildStatus:
         Deleting file "Debug\Balloon_Shoot.unsuccessfulbuild".
         Touching "Debug\Balloon_Shoot.lastbuildstate".
     1>Done Building Project "F:\Document\1st yr 2nd semester\SD lab\project_game\Balloon_Shoot\Balloon_Shoot\Balloon_Shoot.vcxproj" (build target(s)).

Build succeeded.

Time Elapsed 00:00:04.32
